2022-11-13  15:07:23	name = class.vec_map description = system person typename = St3mapINSt7__cxx1112basic_stringIcSt11char_traitsIcESaIcEEESt6vectorI6PersonSaIS7_EESt4lessIS5_ESaISt4pairIKS5_S9_EEE value = []
2022-11-13  15:07:23	name = class.map description = system person typename = St3mapINSt7__cxx1112basic_stringIcSt11char_traitsIcESaIcEEE6PersonSt4lessIS5_ESaISt4pairIKS5_S6_EEE value = []
2022-11-13  15:07:23	name = class.person description = system person typename = 6Person value = name: a
age: 0
sex: false
2022-11-13  15:07:23	name = system.str_int_umap description = system str int umap typename = St13unordered_mapINSt7__cxx1112basic_stringIcSt11char_traitsIcESaIcEEEiSt4hashIS5_ESt8equal_toIS5_ESaISt4pairIKS5_iEEE value = k: 2
2022-11-13  15:07:23	name = system.str_int_map description = system str int map typename = St3mapINSt7__cxx1112basic_stringIcSt11char_traitsIcESaIcEEEiSt4lessIS5_ESaISt4pairIKS5_iEEE value = k: 2
2022-11-13  15:07:23	name = system.int_uset description = system int uset typename = St13unordered_setIiSt4hashIiESt8equal_toIiESaIiEE value = - 2
- 1
2022-11-13  15:07:23	name = system.int_set description = system int set typename = St3setIiSt4lessIiESaIiEE value = - 1
- 2
2022-11-13  15:07:23	name = system.int_list description = system int list typename = NSt7__cxx114listIiSaIiEEE value = - 1
- 2
2022-11-13  15:07:23	name = system.int_vec description = system int vec typename = St6vectorIiSaIiEE value = - 1
- 2
2022-11-13  15:07:23	name = system.value description = system port typename = f value = 10.1999998
2022-11-13  15:07:23	name = system.port description = system port typename = i value = 8080
2022-11-13  15:07:23	name = logs description = logs config typename = St3setIN5muhui9LogDefineESt4lessIS1_ESaIS1_EE value = - "name: root\nlevel: INFO\nformatter: \"%d%T%m%n\"\nappenders:\n  - type: FileLogAppender\n    file: /home/muhui/mumu/apps/logs/root.log\n  - type: StdoutLogAppender"
- "name: system\nlevel: DEBUG\nformatter: \"%d%T%m%n\"\nappenders:\n  - type: FileLogAppender\n    file: /home/muhui/mumu/apps/logs/system.log\n    formatter: \"%d%T[%p]%T%m%n\"\n  - type: StdoutLogAppender"
2023-01-09  22:25:06	name = class.vec_map description = system person typename = St3mapINSt7__cxx1112basic_stringIcSt11char_traitsIcESaIcEEESt6vectorI6PersonSaIS7_EESt4lessIS5_ESaISt4pairIKS5_S9_EEE value = []
2023-01-09  22:25:06	name = logs description = logs config typename = St3setIN5muhui9LogDefineESt4lessIS1_ESaIS1_EE value = - "name: root\nlevel: INFO\nformatter: \"%d%T%m%n\"\nappenders:\n  - type: FileLogAppender\n    file: /home/muhui/mumu/apps/logs/root.log\n  - type: StdoutLogAppender"
- "name: system\nlevel: DEBUG\nformatter: \"%d%T%m%n\"\nappenders:\n  - type: FileLogAppender\n    file: /home/muhui/mumu/apps/logs/system.log\n    formatter: \"%d%T[%p]%T%m%n\"\n  - type: StdoutLogAppender"
2023-01-09  22:25:06	name = system.int_set description = system int set typename = St3setIiSt4lessIiESaIiEE value = - 1
- 2
2023-01-09  22:25:06	name = system.int_list description = system int list typename = NSt7__cxx114listIiSaIiEEE value = - 1
- 2
2023-01-09  22:25:06	name = system.value description = system port typename = f value = 10.1999998
2023-01-09  22:25:06	name = system.port description = system port typename = i value = 8080
2023-01-09  22:25:06	name = system.int_uset description = system int uset typename = St13unordered_setIiSt4hashIiESt8equal_toIiESaIiEE value = - 2
- 1
2023-01-09  22:25:06	name = fiber.stack_size description = fiber stack size typename = j value = 1048576
2023-01-09  22:25:06	name = system.int_vec description = system int vec typename = St6vectorIiSaIiEE value = - 1
- 2
2023-01-09  22:25:06	name = system.str_int_map description = system str int map typename = St3mapINSt7__cxx1112basic_stringIcSt11char_traitsIcESaIcEEEiSt4lessIS5_ESaISt4pairIKS5_iEEE value = k: 2
2023-01-09  22:25:06	name = system.str_int_umap description = system str int umap typename = St13unordered_mapINSt7__cxx1112basic_stringIcSt11char_traitsIcESaIcEEEiSt4hashIS5_ESt8equal_toIS5_ESaISt4pairIKS5_iEEE value = k: 2
2023-01-09  22:25:06	name = class.person description = system person typename = 6Person value = name: a
age: 0
sex: false
2023-01-09  22:25:06	name = tcp.connect.timeout description = tcp connext timeout typename = i value = 5000
2023-01-09  22:25:06	name = class.map description = system person typename = St3mapINSt7__cxx1112basic_stringIcSt11char_traitsIcESaIcEEE6PersonSt4lessIS5_ESaISt4pairIKS5_S6_EEE value = []
2023-01-09  23:10:29	name = class.vec_map description = system person typename = St3mapINSt7__cxx1112basic_stringIcSt11char_traitsIcESaIcEEESt6vectorI6PersonSaIS7_EESt4lessIS5_ESaISt4pairIKS5_S9_EEE value = []
2023-01-09  23:10:29	name = logs description = logs config typename = St3setIN5muhui9LogDefineESt4lessIS1_ESaIS1_EE value = - "name: root\nlevel: INFO\nformatter: \"%d%T%m%n\"\nappenders:\n  - type: FileLogAppender\n    file: /home/muhui/mumu/apps/logs/root.log\n  - type: StdoutLogAppender"
- "name: system\nlevel: DEBUG\nformatter: \"%d%T%m%n\"\nappenders:\n  - type: FileLogAppender\n    file: /home/muhui/mumu/apps/logs/system.log\n    formatter: \"%d%T[%p]%T%m%n\"\n  - type: StdoutLogAppender"
2023-01-09  23:10:29	name = system.int_set description = system int set typename = St3setIiSt4lessIiESaIiEE value = - 1
- 2
2023-01-09  23:10:29	name = system.int_list description = system int list typename = NSt7__cxx114listIiSaIiEEE value = - 1
- 2
2023-01-09  23:10:29	name = system.value description = system port typename = f value = 10.1999998
2023-01-09  23:10:29	name = system.port description = system port typename = i value = 8080
2023-01-09  23:10:29	name = system.int_uset description = system int uset typename = St13unordered_setIiSt4hashIiESt8equal_toIiESaIiEE value = - 2
- 1
2023-01-09  23:10:29	name = fiber.stack_size description = fiber stack size typename = j value = 1048576
2023-01-09  23:10:29	name = system.int_vec description = system int vec typename = St6vectorIiSaIiEE value = - 1
- 2
2023-01-09  23:10:29	name = system.str_int_map description = system str int map typename = St3mapINSt7__cxx1112basic_stringIcSt11char_traitsIcESaIcEEEiSt4lessIS5_ESaISt4pairIKS5_iEEE value = k: 2
2023-01-09  23:10:29	name = system.str_int_umap description = system str int umap typename = St13unordered_mapINSt7__cxx1112basic_stringIcSt11char_traitsIcESaIcEEEiSt4hashIS5_ESt8equal_toIS5_ESaISt4pairIKS5_iEEE value = k: 2
2023-01-09  23:10:29	name = class.person description = system person typename = 6Person value = name: a
age: 0
sex: false
2023-01-09  23:10:29	name = tcp.connect.timeout description = tcp connext timeout typename = i value = 5000
2023-01-09  23:10:29	name = class.map description = system person typename = St3mapINSt7__cxx1112basic_stringIcSt11char_traitsIcESaIcEEE6PersonSt4lessIS5_ESaISt4pairIKS5_S6_EEE value = []
2023-01-10  23:22:05	name = class.vec_map description = system person typename = St3mapINSt7__cxx1112basic_stringIcSt11char_traitsIcESaIcEEESt6vectorI6PersonSaIS7_EESt4lessIS5_ESaISt4pairIKS5_S9_EEE value = []
2023-01-10  23:22:05	name = logs description = logs config typename = St3setIN5muhui9LogDefineESt4lessIS1_ESaIS1_EE value = - "name: root\nlevel: INFO\nformatter: \"%d%T%m%n\"\nappenders:\n  - type: FileLogAppender\n    file: /home/muhui/mumu/apps/logs/root.log\n  - type: StdoutLogAppender"
- "name: system\nlevel: DEBUG\nformatter: \"%d%T%m%n\"\nappenders:\n  - type: FileLogAppender\n    file: /home/muhui/mumu/apps/logs/system.log\n    formatter: \"%d%T[%p]%T%m%n\"\n  - type: StdoutLogAppender"
2023-01-10  23:22:05	name = system.int_set description = system int set typename = St3setIiSt4lessIiESaIiEE value = - 1
- 2
2023-01-10  23:22:05	name = system.int_list description = system int list typename = NSt7__cxx114listIiSaIiEEE value = - 1
- 2
2023-01-10  23:22:05	name = system.value description = system port typename = f value = 10.1999998
2023-01-10  23:22:05	name = system.port description = system port typename = i value = 8080
2023-01-10  23:22:05	name = system.int_uset description = system int uset typename = St13unordered_setIiSt4hashIiESt8equal_toIiESaIiEE value = - 2
- 1
2023-01-10  23:22:05	name = fiber.stack_size description = fiber stack size typename = j value = 1048576
2023-01-10  23:22:05	name = system.int_vec description = system int vec typename = St6vectorIiSaIiEE value = - 1
- 2
2023-01-10  23:22:05	name = system.str_int_map description = system str int map typename = St3mapINSt7__cxx1112basic_stringIcSt11char_traitsIcESaIcEEEiSt4lessIS5_ESaISt4pairIKS5_iEEE value = k: 2
2023-01-10  23:22:05	name = system.str_int_umap description = system str int umap typename = St13unordered_mapINSt7__cxx1112basic_stringIcSt11char_traitsIcESaIcEEEiSt4hashIS5_ESt8equal_toIS5_ESaISt4pairIKS5_iEEE value = k: 2
2023-01-10  23:22:05	name = class.person description = system person typename = 6Person value = name: a
age: 0
sex: false
2023-01-10  23:22:05	name = tcp.connect.timeout description = tcp connext timeout typename = i value = 5000
2023-01-10  23:22:05	name = class.map description = system person typename = St3mapINSt7__cxx1112basic_stringIcSt11char_traitsIcESaIcEEE6PersonSt4lessIS5_ESaISt4pairIKS5_S6_EEE value = []
2023-01-25  03:25:53	name = class.vec_map description = system person typename = St3mapINSt7__cxx1112basic_stringIcSt11char_traitsIcESaIcEEESt6vectorI6PersonSaIS7_EESt4lessIS5_ESaISt4pairIKS5_S9_EEE value = []
2023-01-25  03:25:53	name = logs description = logs config typename = St3setIN5muhui9LogDefineESt4lessIS1_ESaIS1_EE value = - "name: root\nlevel: INFO\nformatter: \"%d%T%m%n\"\nappenders:\n  - type: FileLogAppender\n    file: /home/muhui/mumu/apps/logs/root.log\n  - type: StdoutLogAppender"
- "name: system\nlevel: DEBUG\nformatter: \"%d%T%m%n\"\nappenders:\n  - type: FileLogAppender\n    file: /home/muhui/mumu/apps/logs/system.log\n    formatter: \"%d%T[%p]%T%m%n\"\n  - type: StdoutLogAppender"
2023-01-25  03:25:53	name = system.int_set description = system int set typename = St3setIiSt4lessIiESaIiEE value = - 1
- 2
2023-01-25  03:25:53	name = system.int_list description = system int list typename = NSt7__cxx114listIiSaIiEEE value = - 1
- 2
2023-01-25  03:25:53	name = system.value description = system port typename = f value = 10.1999998
2023-01-25  03:25:53	name = system.port description = system port typename = i value = 8080
2023-01-25  03:25:53	name = system.int_uset description = system int uset typename = St13unordered_setIiSt4hashIiESt8equal_toIiESaIiEE value = - 2
- 1
2023-01-25  03:25:53	name = fiber.stack_size description = fiber stack size typename = j value = 1048576
2023-01-25  03:25:53	name = system.int_vec description = system int vec typename = St6vectorIiSaIiEE value = - 1
- 2
2023-01-25  03:25:53	name = system.str_int_map description = system str int map typename = St3mapINSt7__cxx1112basic_stringIcSt11char_traitsIcESaIcEEEiSt4lessIS5_ESaISt4pairIKS5_iEEE value = k: 2
2023-01-25  03:25:53	name = system.str_int_umap description = system str int umap typename = St13unordered_mapINSt7__cxx1112basic_stringIcSt11char_traitsIcESaIcEEEiSt4hashIS5_ESt8equal_toIS5_ESaISt4pairIKS5_iEEE value = k: 2
2023-01-25  03:25:53	name = class.person description = system person typename = 6Person value = name: a
age: 0
sex: false
2023-01-25  03:25:53	name = tcp.connect.timeout description = tcp connext timeout typename = i value = 5000
2023-01-25  03:25:53	name = class.map description = system person typename = St3mapINSt7__cxx1112basic_stringIcSt11char_traitsIcESaIcEEE6PersonSt4lessIS5_ESaISt4pairIKS5_S6_EEE value = []
2023-01-25  03:25:57	name = class.vec_map description = system person typename = St3mapINSt7__cxx1112basic_stringIcSt11char_traitsIcESaIcEEESt6vectorI6PersonSaIS7_EESt4lessIS5_ESaISt4pairIKS5_S9_EEE value = []
2023-01-25  03:25:57	name = logs description = logs config typename = St3setIN5muhui9LogDefineESt4lessIS1_ESaIS1_EE value = - "name: root\nlevel: INFO\nformatter: \"%d%T%m%n\"\nappenders:\n  - type: FileLogAppender\n    file: /home/muhui/mumu/apps/logs/root.log\n  - type: StdoutLogAppender"
- "name: system\nlevel: DEBUG\nformatter: \"%d%T%m%n\"\nappenders:\n  - type: FileLogAppender\n    file: /home/muhui/mumu/apps/logs/system.log\n    formatter: \"%d%T[%p]%T%m%n\"\n  - type: StdoutLogAppender"
2023-01-25  03:25:57	name = system.int_set description = system int set typename = St3setIiSt4lessIiESaIiEE value = - 1
- 2
2023-01-25  03:25:57	name = system.int_list description = system int list typename = NSt7__cxx114listIiSaIiEEE value = - 1
- 2
2023-01-25  03:25:57	name = system.value description = system port typename = f value = 10.1999998
2023-01-25  03:25:57	name = system.port description = system port typename = i value = 8080
2023-01-25  03:25:57	name = system.int_uset description = system int uset typename = St13unordered_setIiSt4hashIiESt8equal_toIiESaIiEE value = - 2
- 1
2023-01-25  03:25:57	name = fiber.stack_size description = fiber stack size typename = j value = 1048576
2023-01-25  03:25:57	name = system.int_vec description = system int vec typename = St6vectorIiSaIiEE value = - 1
- 2
2023-01-25  03:25:57	name = system.str_int_map description = system str int map typename = St3mapINSt7__cxx1112basic_stringIcSt11char_traitsIcESaIcEEEiSt4lessIS5_ESaISt4pairIKS5_iEEE value = k: 2
2023-01-25  03:25:57	name = system.str_int_umap description = system str int umap typename = St13unordered_mapINSt7__cxx1112basic_stringIcSt11char_traitsIcESaIcEEEiSt4hashIS5_ESt8equal_toIS5_ESaISt4pairIKS5_iEEE value = k: 2
2023-01-25  03:25:57	name = class.person description = system person typename = 6Person value = name: a
age: 0
sex: false
2023-01-25  03:25:57	name = tcp.connect.timeout description = tcp connext timeout typename = i value = 5000
2023-01-25  03:25:57	name = class.map description = system person typename = St3mapINSt7__cxx1112basic_stringIcSt11char_traitsIcESaIcEEE6PersonSt4lessIS5_ESaISt4pairIKS5_S6_EEE value = []
2023-01-25  03:26:05	name = class.vec_map description = system person typename = St3mapINSt7__cxx1112basic_stringIcSt11char_traitsIcESaIcEEESt6vectorI6PersonSaIS7_EESt4lessIS5_ESaISt4pairIKS5_S9_EEE value = []
2023-01-25  03:26:05	name = logs description = logs config typename = St3setIN5muhui9LogDefineESt4lessIS1_ESaIS1_EE value = - "name: root\nlevel: INFO\nformatter: \"%d%T%m%n\"\nappenders:\n  - type: FileLogAppender\n    file: /home/muhui/mumu/apps/logs/root.log\n  - type: StdoutLogAppender"
- "name: system\nlevel: DEBUG\nformatter: \"%d%T%m%n\"\nappenders:\n  - type: FileLogAppender\n    file: /home/muhui/mumu/apps/logs/system.log\n    formatter: \"%d%T[%p]%T%m%n\"\n  - type: StdoutLogAppender"
2023-01-25  03:26:05	name = system.int_set description = system int set typename = St3setIiSt4lessIiESaIiEE value = - 1
- 2
2023-01-25  03:26:05	name = system.int_list description = system int list typename = NSt7__cxx114listIiSaIiEEE value = - 1
- 2
2023-01-25  03:26:05	name = system.value description = system port typename = f value = 10.1999998
2023-01-25  03:26:05	name = system.port description = system port typename = i value = 8080
2023-01-25  03:26:05	name = system.int_uset description = system int uset typename = St13unordered_setIiSt4hashIiESt8equal_toIiESaIiEE value = - 2
- 1
2023-01-25  03:26:05	name = fiber.stack_size description = fiber stack size typename = j value = 1048576
2023-01-25  03:26:05	name = system.int_vec description = system int vec typename = St6vectorIiSaIiEE value = - 1
- 2
2023-01-25  03:26:05	name = system.str_int_map description = system str int map typename = St3mapINSt7__cxx1112basic_stringIcSt11char_traitsIcESaIcEEEiSt4lessIS5_ESaISt4pairIKS5_iEEE value = k: 2
2023-01-25  03:26:05	name = system.str_int_umap description = system str int umap typename = St13unordered_mapINSt7__cxx1112basic_stringIcSt11char_traitsIcESaIcEEEiSt4hashIS5_ESt8equal_toIS5_ESaISt4pairIKS5_iEEE value = k: 2
2023-01-25  03:26:05	name = class.person description = system person typename = 6Person value = name: a
age: 0
sex: false
2023-01-25  03:26:05	name = tcp.connect.timeout description = tcp connext timeout typename = i value = 5000
2023-01-25  03:26:05	name = class.map description = system person typename = St3mapINSt7__cxx1112basic_stringIcSt11char_traitsIcESaIcEEE6PersonSt4lessIS5_ESaISt4pairIKS5_S6_EEE value = []
2023-01-25  03:26:22	name = class.vec_map description = system person typename = St3mapINSt7__cxx1112basic_stringIcSt11char_traitsIcESaIcEEESt6vectorI6PersonSaIS7_EESt4lessIS5_ESaISt4pairIKS5_S9_EEE value = []
2023-01-25  03:26:22	name = logs description = logs config typename = St3setIN5muhui9LogDefineESt4lessIS1_ESaIS1_EE value = - "name: root\nlevel: INFO\nformatter: \"%d%T%m%n\"\nappenders:\n  - type: FileLogAppender\n    file: /home/muhui/mumu/apps/logs/root.log\n  - type: StdoutLogAppender"
- "name: system\nlevel: DEBUG\nformatter: \"%d%T%m%n\"\nappenders:\n  - type: FileLogAppender\n    file: /home/muhui/mumu/apps/logs/system.log\n    formatter: \"%d%T[%p]%T%m%n\"\n  - type: StdoutLogAppender"
2023-01-25  03:26:22	name = system.int_set description = system int set typename = St3setIiSt4lessIiESaIiEE value = - 1
- 2
2023-01-25  03:26:22	name = system.int_list description = system int list typename = NSt7__cxx114listIiSaIiEEE value = - 1
- 2
2023-01-25  03:26:22	name = system.value description = system port typename = f value = 10.1999998
2023-01-25  03:26:22	name = system.port description = system port typename = i value = 8080
2023-01-25  03:26:22	name = system.int_uset description = system int uset typename = St13unordered_setIiSt4hashIiESt8equal_toIiESaIiEE value = - 2
- 1
2023-01-25  03:26:22	name = fiber.stack_size description = fiber stack size typename = j value = 1048576
2023-01-25  03:26:22	name = system.int_vec description = system int vec typename = St6vectorIiSaIiEE value = - 1
- 2
2023-01-25  03:26:22	name = system.str_int_map description = system str int map typename = St3mapINSt7__cxx1112basic_stringIcSt11char_traitsIcESaIcEEEiSt4lessIS5_ESaISt4pairIKS5_iEEE value = k: 2
2023-01-25  03:26:22	name = system.str_int_umap description = system str int umap typename = St13unordered_mapINSt7__cxx1112basic_stringIcSt11char_traitsIcESaIcEEEiSt4hashIS5_ESt8equal_toIS5_ESaISt4pairIKS5_iEEE value = k: 2
2023-01-25  03:26:22	name = class.person description = system person typename = 6Person value = name: a
age: 0
sex: false
2023-01-25  03:26:22	name = tcp.connect.timeout description = tcp connext timeout typename = i value = 5000
2023-01-25  03:26:22	name = class.map description = system person typename = St3mapINSt7__cxx1112basic_stringIcSt11char_traitsIcESaIcEEE6PersonSt4lessIS5_ESaISt4pairIKS5_S6_EEE value = []
